<?xml version="1.0" encoding="UTF-8"?>
<testng-results skipped="0" failed="0" ignored="0" total="2" passed="2">
  <reporter-output>
  </reporter-output>
  <suite name="Default suite" duration-ms="55649" started-at="2019-08-21T03:44:42Z" finished-at="2019-08-21T03:45:38Z">
    <groups>
    </groups>
    <test name="Default test" duration-ms="55649" started-at="2019-08-21T03:44:42Z" finished-at="2019-08-21T03:45:38Z">
      <class name="com.myntra.testcase.TC01_MyntraLogin">
        <test-method status="PASS" signature="setUp()[pri:0, instance:com.myntra.testcase.TC01_MyntraLogin@5622fdf]" name="setUp" is-config="true" duration-ms="27441" started-at="2019-08-21T03:44:43Z" finished-at="2019-08-21T03:45:10Z">
          <reporter-output>
          </reporter-output>
        </test-method> <!-- setUp -->
        <test-method status="PASS" signature="login(java.lang.String, java.lang.String)[pri:0, instance:com.myntra.testcase.TC01_MyntraLogin@5622fdf]" name="login" duration-ms="3142" started-at="2019-08-21T03:45:10Z" data-provider="testdata" finished-at="2019-08-21T03:45:13Z">
          <params>
            <param index="0">
              <value>
                <![CDATA[ugesh.kadiyala@gmail.com]]>
              </value>
            </param>
            <param index="1">
              <value>
                <![CDATA[Google@2013]]>
              </value>
            </param>
          </params>
          <reporter-output>
          </reporter-output>
        </test-method> <!-- login -->
        <test-method status="PASS" signature="tearDown()[pri:0, instance:com.myntra.testcase.TC01_MyntraLogin@5622fdf]" name="tearDown" is-config="true" duration-ms="1089" started-at="2019-08-21T03:45:13Z" finished-at="2019-08-21T03:45:15Z">
          <reporter-output>
          </reporter-output>
        </test-method> <!-- tearDown -->
        <test-method status="PASS" signature="setUp()[pri:0, instance:com.myntra.testcase.TC01_MyntraLogin@5622fdf]" name="setUp" is-config="true" duration-ms="18821" started-at="2019-08-21T03:45:15Z" finished-at="2019-08-21T03:45:33Z">
          <reporter-output>
          </reporter-output>
        </test-method> <!-- setUp -->
        <test-method status="PASS" signature="login(java.lang.String, java.lang.String)[pri:0, instance:com.myntra.testcase.TC01_MyntraLogin@5622fdf]" name="login" duration-ms="3240" started-at="2019-08-21T03:45:33Z" data-provider="testdata" finished-at="2019-08-21T03:45:37Z">
          <params>
            <param index="0">
              <value>
                <![CDATA[ugimadhuri1519@gmail.com]]>
              </value>
            </param>
            <param index="1">
              <value>
                <![CDATA[Google@2013]]>
              </value>
            </param>
          </params>
          <reporter-output>
          </reporter-output>
        </test-method> <!-- login -->
        <test-method status="PASS" signature="tearDown()[pri:0, instance:com.myntra.testcase.TC01_MyntraLogin@5622fdf]" name="tearDown" is-config="true" duration-ms="1062" started-at="2019-08-21T03:45:37Z" finished-at="2019-08-21T03:45:38Z">
          <reporter-output>
          </reporter-output>
        </test-method> <!-- tearDown -->
      </class> <!-- com.myntra.testcase.TC01_MyntraLogin -->
    </test> <!-- Default test -->
  </suite> <!-- Default suite -->
</testng-results>
